<?xml version="1.0" encoding="UTF-8"?>
<robot generator="Robot 3.1.2 (Python 3.6.4 on win32)" generated="20200216 15:48:16.704" rpa="false">
<suite id="s1" name="TC 009 TestData" source="C:\Users\HaiYen\PycharmProjects\AutomationTest\TestCases\TC_009_TestData.robot">
<test id="s1-t1" name="TC_009">
<kw name="Open Browser" library="SeleniumLibrary">
<doc>Opens a new browser instance to the optional ``url``.</doc>
<arguments>
<arg>${Url}</arg>
<arg>${Browser}</arg>
</arguments>
<msg timestamp="20200216 15:48:17.517" level="INFO">Opening browser 'Chrome' to base url 'https://www.thetestingworld.com/'.</msg>
<status status="PASS" starttime="20200216 15:48:17.517" endtime="20200216 15:48:26.390"></status>
</kw>
<kw name="Maximize Browser Window" library="SeleniumLibrary">
<doc>Maximizes current browser window.</doc>
<status status="PASS" starttime="20200216 15:48:26.391" endtime="20200216 15:48:27.582"></status>
</kw>
<kw name="Click Element" library="SeleniumLibrary">
<doc>Click the element identified by ``locator``.</doc>
<arguments>
<arg>xpath://a[text()='Login']</arg>
</arguments>
<msg timestamp="20200216 15:48:27.585" level="INFO">Clicking element 'xpath://a[text()='Login']'.</msg>
<status status="PASS" starttime="20200216 15:48:27.584" endtime="20200216 15:48:29.522"></status>
</kw>
<kw name="Read Number Of Rows" library="UserKeywords">
<arguments>
<arg>Sheet1</arg>
</arguments>
<assign>
<var>${max_rows}</var>
</assign>
<kw name="Fetch Number Of Rows" library="ReadData">
<arguments>
<arg>${sheetname}</arg>
</arguments>
<assign>
<var>${max_rows}</var>
</assign>
<msg timestamp="20200216 15:48:29.528" level="INFO">${max_rows} = 4</msg>
<status status="PASS" starttime="20200216 15:48:29.526" endtime="20200216 15:48:29.528"></status>
</kw>
<msg timestamp="20200216 15:48:29.532" level="INFO">${max_rows} = 4</msg>
<status status="PASS" starttime="20200216 15:48:29.525" endtime="20200216 15:48:29.532"></status>
</kw>
<kw name="Read Excel Data of Cell" library="UserKeywords">
<arguments>
<arg>Sheet1</arg>
<arg>1</arg>
<arg>1</arg>
</arguments>
<assign>
<var>${username}</var>
</assign>
<kw name="Fetch Cell Data" library="ReadData">
<arguments>
<arg>${sheetname}</arg>
<arg>${row}</arg>
<arg>${cell}</arg>
</arguments>
<assign>
<var>${data}</var>
</assign>
<msg timestamp="20200216 15:48:29.552" level="INFO">${data} = Username1</msg>
<status status="PASS" starttime="20200216 15:48:29.550" endtime="20200216 15:48:29.552"></status>
</kw>
<msg timestamp="20200216 15:48:29.553" level="INFO">${username} = Username1</msg>
<status status="PASS" starttime="20200216 15:48:29.545" endtime="20200216 15:48:29.553"></status>
</kw>
<kw name="Log To Console" library="BuiltIn">
<doc>Logs the given message to the console.</doc>
<arguments>
<arg>${username}</arg>
</arguments>
<status status="PASS" starttime="20200216 15:48:29.555" endtime="20200216 15:48:29.557"></status>
</kw>
<kw name="${i} IN RANGE [ 1 | ${max_rows}+1 ]" type="for">
<kw name="${i} = 1" type="foritem">
<kw name="Log To Console" library="BuiltIn">
<doc>Logs the given message to the console.</doc>
<arguments>
<arg>${max_rows}</arg>
</arguments>
<status status="PASS" starttime="20200216 15:48:29.558" endtime="20200216 15:48:29.560"></status>
</kw>
<kw name="Read Excel Data of Cell" library="UserKeywords">
<arguments>
<arg>Sheet1</arg>
<arg>${i}</arg>
<arg>1</arg>
</arguments>
<assign>
<var>${username}</var>
</assign>
<kw name="Fetch Cell Data" library="ReadData">
<arguments>
<arg>${sheetname}</arg>
<arg>${row}</arg>
<arg>${cell}</arg>
</arguments>
<assign>
<var>${data}</var>
</assign>
<msg timestamp="20200216 15:48:29.563" level="INFO">${data} = Username1</msg>
<status status="PASS" starttime="20200216 15:48:29.562" endtime="20200216 15:48:29.566"></status>
</kw>
<msg timestamp="20200216 15:48:29.567" level="INFO">${username} = Username1</msg>
<status status="PASS" starttime="20200216 15:48:29.560" endtime="20200216 15:48:29.567"></status>
</kw>
<kw name="Log To Console" library="BuiltIn">
<doc>Logs the given message to the console.</doc>
<arguments>
<arg>${username}</arg>
</arguments>
<status status="PASS" starttime="20200216 15:48:29.568" endtime="20200216 15:48:29.570"></status>
</kw>
<kw name="Read Excel Data of Cell" library="UserKeywords">
<arguments>
<arg>Sheet1</arg>
<arg>${i}</arg>
<arg>2</arg>
</arguments>
<assign>
<var>${password}</var>
</assign>
<kw name="Fetch Cell Data" library="ReadData">
<arguments>
<arg>${sheetname}</arg>
<arg>${row}</arg>
<arg>${cell}</arg>
</arguments>
<assign>
<var>${data}</var>
</assign>
<msg timestamp="20200216 15:48:29.573" level="INFO">${data} = Password1</msg>
<status status="PASS" starttime="20200216 15:48:29.572" endtime="20200216 15:48:29.574"></status>
</kw>
<msg timestamp="20200216 15:48:29.574" level="INFO">${password} = Password1</msg>
<status status="PASS" starttime="20200216 15:48:29.570" endtime="20200216 15:48:29.574"></status>
</kw>
<kw name="Input Text" library="SeleniumLibrary">
<doc>Types the given ``text`` into the text field identified by ``locator``.</doc>
<arguments>
<arg>id:username</arg>
<arg>${username}</arg>
</arguments>
<msg timestamp="20200216 15:48:29.576" level="INFO">Typing text 'Username1' into text field 'id:username'.</msg>
<status status="PASS" starttime="20200216 15:48:29.575" endtime="20200216 15:48:30.020"></status>
</kw>
<kw name="Input Text" library="SeleniumLibrary">
<doc>Types the given ``text`` into the text field identified by ``locator``.</doc>
<arguments>
<arg>id:password</arg>
<arg>${password}</arg>
</arguments>
<msg timestamp="20200216 15:48:30.021" level="INFO">Typing text 'Password1' into text field 'id:password'.</msg>
<status status="PASS" starttime="20200216 15:48:30.020" endtime="20200216 15:48:30.193"></status>
</kw>
<kw name="Click Button" library="SeleniumLibrary">
<doc>Clicks the button identified by ``locator``.</doc>
<arguments>
<arg>xpath://button[@type='submit']</arg>
</arguments>
<msg timestamp="20200216 15:48:30.194" level="INFO">Clicking button 'xpath://button[@type='submit']'.</msg>
<status status="PASS" starttime="20200216 15:48:30.193" endtime="20200216 15:48:31.790"></status>
</kw>
<kw name="Sleep" library="BuiltIn">
<doc>Pauses the test executed for the given time.</doc>
<arguments>
<arg>5 seconds</arg>
</arguments>
<msg timestamp="20200216 15:48:36.795" level="INFO">Slept 5 seconds</msg>
<status status="PASS" starttime="20200216 15:48:31.790" endtime="20200216 15:48:36.795"></status>
</kw>
<kw name="Click Element" library="SeleniumLibrary">
<doc>Click the element identified by ``locator``.</doc>
<arguments>
<arg>xpath://a[text()='Login']</arg>
</arguments>
<msg timestamp="20200216 15:48:36.796" level="INFO">Clicking element 'xpath://a[text()='Login']'.</msg>
<status status="PASS" starttime="20200216 15:48:36.796" endtime="20200216 15:48:37.726"></status>
</kw>
<status status="PASS" starttime="20200216 15:48:29.558" endtime="20200216 15:48:37.726"></status>
</kw>
<kw name="${i} = 2" type="foritem">
<kw name="Log To Console" library="BuiltIn">
<doc>Logs the given message to the console.</doc>
<arguments>
<arg>${max_rows}</arg>
</arguments>
<status status="PASS" starttime="20200216 15:48:37.726" endtime="20200216 15:48:37.729"></status>
</kw>
<kw name="Read Excel Data of Cell" library="UserKeywords">
<arguments>
<arg>Sheet1</arg>
<arg>${i}</arg>
<arg>1</arg>
</arguments>
<assign>
<var>${username}</var>
</assign>
<kw name="Fetch Cell Data" library="ReadData">
<arguments>
<arg>${sheetname}</arg>
<arg>${row}</arg>
<arg>${cell}</arg>
</arguments>
<assign>
<var>${data}</var>
</assign>
<msg timestamp="20200216 15:48:37.732" level="INFO">${data} = Username2</msg>
<status status="PASS" starttime="20200216 15:48:37.730" endtime="20200216 15:48:37.732"></status>
</kw>
<msg timestamp="20200216 15:48:37.732" level="INFO">${username} = Username2</msg>
<status status="PASS" starttime="20200216 15:48:37.729" endtime="20200216 15:48:37.733"></status>
</kw>
<kw name="Log To Console" library="BuiltIn">
<doc>Logs the given message to the console.</doc>
<arguments>
<arg>${username}</arg>
</arguments>
<status status="PASS" starttime="20200216 15:48:37.735" endtime="20200216 15:48:37.740"></status>
</kw>
<kw name="Read Excel Data of Cell" library="UserKeywords">
<arguments>
<arg>Sheet1</arg>
<arg>${i}</arg>
<arg>2</arg>
</arguments>
<assign>
<var>${password}</var>
</assign>
<kw name="Fetch Cell Data" library="ReadData">
<arguments>
<arg>${sheetname}</arg>
<arg>${row}</arg>
<arg>${cell}</arg>
</arguments>
<assign>
<var>${data}</var>
</assign>
<msg timestamp="20200216 15:48:37.743" level="INFO">${data} = Password2</msg>
<status status="PASS" starttime="20200216 15:48:37.742" endtime="20200216 15:48:37.743"></status>
</kw>
<msg timestamp="20200216 15:48:37.743" level="INFO">${password} = Password2</msg>
<status status="PASS" starttime="20200216 15:48:37.740" endtime="20200216 15:48:37.743"></status>
</kw>
<kw name="Input Text" library="SeleniumLibrary">
<doc>Types the given ``text`` into the text field identified by ``locator``.</doc>
<arguments>
<arg>id:username</arg>
<arg>${username}</arg>
</arguments>
<msg timestamp="20200216 15:48:37.744" level="INFO">Typing text 'Username2' into text field 'id:username'.</msg>
<status status="PASS" starttime="20200216 15:48:37.744" endtime="20200216 15:48:37.999"></status>
</kw>
<kw name="Input Text" library="SeleniumLibrary">
<doc>Types the given ``text`` into the text field identified by ``locator``.</doc>
<arguments>
<arg>id:password</arg>
<arg>${password}</arg>
</arguments>
<msg timestamp="20200216 15:48:38.000" level="INFO">Typing text 'Password2' into text field 'id:password'.</msg>
<status status="PASS" starttime="20200216 15:48:38.000" endtime="20200216 15:48:38.159"></status>
</kw>
<kw name="Click Button" library="SeleniumLibrary">
<doc>Clicks the button identified by ``locator``.</doc>
<arguments>
<arg>xpath://button[@type='submit']</arg>
</arguments>
<msg timestamp="20200216 15:48:38.160" level="INFO">Clicking button 'xpath://button[@type='submit']'.</msg>
<status status="PASS" starttime="20200216 15:48:38.160" endtime="20200216 15:48:39.799"></status>
</kw>
<kw name="Sleep" library="BuiltIn">
<doc>Pauses the test executed for the given time.</doc>
<arguments>
<arg>5 seconds</arg>
</arguments>
<msg timestamp="20200216 15:48:44.800" level="INFO">Slept 5 seconds</msg>
<status status="PASS" starttime="20200216 15:48:39.799" endtime="20200216 15:48:44.800"></status>
</kw>
<kw name="Click Element" library="SeleniumLibrary">
<doc>Click the element identified by ``locator``.</doc>
<arguments>
<arg>xpath://a[text()='Login']</arg>
</arguments>
<msg timestamp="20200216 15:48:44.801" level="INFO">Clicking element 'xpath://a[text()='Login']'.</msg>
<status status="PASS" starttime="20200216 15:48:44.801" endtime="20200216 15:48:45.866"></status>
</kw>
<status status="PASS" starttime="20200216 15:48:37.726" endtime="20200216 15:48:45.866"></status>
</kw>
<kw name="${i} = 3" type="foritem">
<kw name="Log To Console" library="BuiltIn">
<doc>Logs the given message to the console.</doc>
<arguments>
<arg>${max_rows}</arg>
</arguments>
<status status="PASS" starttime="20200216 15:48:45.866" endtime="20200216 15:48:45.868"></status>
</kw>
<kw name="Read Excel Data of Cell" library="UserKeywords">
<arguments>
<arg>Sheet1</arg>
<arg>${i}</arg>
<arg>1</arg>
</arguments>
<assign>
<var>${username}</var>
</assign>
<kw name="Fetch Cell Data" library="ReadData">
<arguments>
<arg>${sheetname}</arg>
<arg>${row}</arg>
<arg>${cell}</arg>
</arguments>
<assign>
<var>${data}</var>
</assign>
<msg timestamp="20200216 15:48:45.870" level="INFO">${data} = Username3</msg>
<status status="PASS" starttime="20200216 15:48:45.869" endtime="20200216 15:48:45.870"></status>
</kw>
<msg timestamp="20200216 15:48:45.870" level="INFO">${username} = Username3</msg>
<status status="PASS" starttime="20200216 15:48:45.868" endtime="20200216 15:48:45.871"></status>
</kw>
<kw name="Log To Console" library="BuiltIn">
<doc>Logs the given message to the console.</doc>
<arguments>
<arg>${username}</arg>
</arguments>
<status status="PASS" starttime="20200216 15:48:45.871" endtime="20200216 15:48:45.872"></status>
</kw>
<kw name="Read Excel Data of Cell" library="UserKeywords">
<arguments>
<arg>Sheet1</arg>
<arg>${i}</arg>
<arg>2</arg>
</arguments>
<assign>
<var>${password}</var>
</assign>
<kw name="Fetch Cell Data" library="ReadData">
<arguments>
<arg>${sheetname}</arg>
<arg>${row}</arg>
<arg>${cell}</arg>
</arguments>
<assign>
<var>${data}</var>
</assign>
<msg timestamp="20200216 15:48:45.875" level="INFO">${data} = Password3</msg>
<status status="PASS" starttime="20200216 15:48:45.874" endtime="20200216 15:48:45.875"></status>
</kw>
<msg timestamp="20200216 15:48:45.875" level="INFO">${password} = Password3</msg>
<status status="PASS" starttime="20200216 15:48:45.872" endtime="20200216 15:48:45.875"></status>
</kw>
<kw name="Input Text" library="SeleniumLibrary">
<doc>Types the given ``text`` into the text field identified by ``locator``.</doc>
<arguments>
<arg>id:username</arg>
<arg>${username}</arg>
</arguments>
<msg timestamp="20200216 15:48:45.876" level="INFO">Typing text 'Username3' into text field 'id:username'.</msg>
<status status="PASS" starttime="20200216 15:48:45.876" endtime="20200216 15:48:46.070"></status>
</kw>
<kw name="Input Text" library="SeleniumLibrary">
<doc>Types the given ``text`` into the text field identified by ``locator``.</doc>
<arguments>
<arg>id:password</arg>
<arg>${password}</arg>
</arguments>
<msg timestamp="20200216 15:48:46.071" level="INFO">Typing text 'Password3' into text field 'id:password'.</msg>
<status status="PASS" starttime="20200216 15:48:46.070" endtime="20200216 15:48:46.227"></status>
</kw>
<kw name="Click Button" library="SeleniumLibrary">
<doc>Clicks the button identified by ``locator``.</doc>
<arguments>
<arg>xpath://button[@type='submit']</arg>
</arguments>
<msg timestamp="20200216 15:48:46.227" level="INFO">Clicking button 'xpath://button[@type='submit']'.</msg>
<status status="PASS" starttime="20200216 15:48:46.227" endtime="20200216 15:48:47.590"></status>
</kw>
<kw name="Sleep" library="BuiltIn">
<doc>Pauses the test executed for the given time.</doc>
<arguments>
<arg>5 seconds</arg>
</arguments>
<msg timestamp="20200216 15:48:52.591" level="INFO">Slept 5 seconds</msg>
<status status="PASS" starttime="20200216 15:48:47.590" endtime="20200216 15:48:52.591"></status>
</kw>
<kw name="Click Element" library="SeleniumLibrary">
<doc>Click the element identified by ``locator``.</doc>
<arguments>
<arg>xpath://a[text()='Login']</arg>
</arguments>
<msg timestamp="20200216 15:48:52.592" level="INFO">Clicking element 'xpath://a[text()='Login']'.</msg>
<status status="PASS" starttime="20200216 15:48:52.592" endtime="20200216 15:48:53.976"></status>
</kw>
<status status="PASS" starttime="20200216 15:48:45.866" endtime="20200216 15:48:53.976"></status>
</kw>
<kw name="${i} = 4" type="foritem">
<kw name="Log To Console" library="BuiltIn">
<doc>Logs the given message to the console.</doc>
<arguments>
<arg>${max_rows}</arg>
</arguments>
<status status="PASS" starttime="20200216 15:48:53.976" endtime="20200216 15:48:53.977"></status>
</kw>
<kw name="Read Excel Data of Cell" library="UserKeywords">
<arguments>
<arg>Sheet1</arg>
<arg>${i}</arg>
<arg>1</arg>
</arguments>
<assign>
<var>${username}</var>
</assign>
<kw name="Fetch Cell Data" library="ReadData">
<arguments>
<arg>${sheetname}</arg>
<arg>${row}</arg>
<arg>${cell}</arg>
</arguments>
<assign>
<var>${data}</var>
</assign>
<msg timestamp="20200216 15:48:53.980" level="INFO">${data} = Username4</msg>
<status status="PASS" starttime="20200216 15:48:53.979" endtime="20200216 15:48:53.981"></status>
</kw>
<msg timestamp="20200216 15:48:53.981" level="INFO">${username} = Username4</msg>
<status status="PASS" starttime="20200216 15:48:53.977" endtime="20200216 15:48:53.981"></status>
</kw>
<kw name="Log To Console" library="BuiltIn">
<doc>Logs the given message to the console.</doc>
<arguments>
<arg>${username}</arg>
</arguments>
<status status="PASS" starttime="20200216 15:48:53.982" endtime="20200216 15:48:53.985"></status>
</kw>
<kw name="Read Excel Data of Cell" library="UserKeywords">
<arguments>
<arg>Sheet1</arg>
<arg>${i}</arg>
<arg>2</arg>
</arguments>
<assign>
<var>${password}</var>
</assign>
<kw name="Fetch Cell Data" library="ReadData">
<arguments>
<arg>${sheetname}</arg>
<arg>${row}</arg>
<arg>${cell}</arg>
</arguments>
<assign>
<var>${data}</var>
</assign>
<msg timestamp="20200216 15:48:53.988" level="INFO">${data} = Password4</msg>
<status status="PASS" starttime="20200216 15:48:53.987" endtime="20200216 15:48:53.988"></status>
</kw>
<msg timestamp="20200216 15:48:53.989" level="INFO">${password} = Password4</msg>
<status status="PASS" starttime="20200216 15:48:53.985" endtime="20200216 15:48:53.989"></status>
</kw>
<kw name="Input Text" library="SeleniumLibrary">
<doc>Types the given ``text`` into the text field identified by ``locator``.</doc>
<arguments>
<arg>id:username</arg>
<arg>${username}</arg>
</arguments>
<msg timestamp="20200216 15:48:53.990" level="INFO">Typing text 'Username4' into text field 'id:username'.</msg>
<status status="PASS" starttime="20200216 15:48:53.989" endtime="20200216 15:48:54.293"></status>
</kw>
<kw name="Input Text" library="SeleniumLibrary">
<doc>Types the given ``text`` into the text field identified by ``locator``.</doc>
<arguments>
<arg>id:password</arg>
<arg>${password}</arg>
</arguments>
<msg timestamp="20200216 15:48:54.294" level="INFO">Typing text 'Password4' into text field 'id:password'.</msg>
<status status="PASS" starttime="20200216 15:48:54.294" endtime="20200216 15:48:54.438"></status>
</kw>
<kw name="Click Button" library="SeleniumLibrary">
<doc>Clicks the button identified by ``locator``.</doc>
<arguments>
<arg>xpath://button[@type='submit']</arg>
</arguments>
<msg timestamp="20200216 15:48:54.439" level="INFO">Clicking button 'xpath://button[@type='submit']'.</msg>
<status status="PASS" starttime="20200216 15:48:54.438" endtime="20200216 15:48:55.651"></status>
</kw>
<kw name="Sleep" library="BuiltIn">
<doc>Pauses the test executed for the given time.</doc>
<arguments>
<arg>5 seconds</arg>
</arguments>
<msg timestamp="20200216 15:49:00.652" level="INFO">Slept 5 seconds</msg>
<status status="PASS" starttime="20200216 15:48:55.651" endtime="20200216 15:49:00.652"></status>
</kw>
<kw name="Click Element" library="SeleniumLibrary">
<doc>Click the element identified by ``locator``.</doc>
<arguments>
<arg>xpath://a[text()='Login']</arg>
</arguments>
<msg timestamp="20200216 15:49:00.653" level="INFO">Clicking element 'xpath://a[text()='Login']'.</msg>
<status status="PASS" starttime="20200216 15:49:00.653" endtime="20200216 15:49:02.154"></status>
</kw>
<status status="PASS" starttime="20200216 15:48:53.976" endtime="20200216 15:49:02.155"></status>
</kw>
<status status="PASS" starttime="20200216 15:48:29.557" endtime="20200216 15:49:02.155"></status>
</kw>
<status status="PASS" starttime="20200216 15:48:17.515" endtime="20200216 15:49:02.156" critical="yes"></status>
</test>
<status status="PASS" starttime="20200216 15:48:16.706" endtime="20200216 15:49:02.161"></status>
</suite>
<statistics>
<total>
<stat pass="1" fail="0">Critical Tests</stat>
<stat pass="1" fail="0">All Tests</stat>
</total>
<tag>
</tag>
<suite>
<stat pass="1" fail="0" id="s1" name="TC 009 TestData">TC 009 TestData</stat>
</suite>
</statistics>
<errors>
</errors>
</robot>
